<?xml version="1.0" encoding="UTF-8"?>
<!-- Generated by org.testng.reporters.JUnitReportReporter -->
<testsuite hostname="DESKTOP-L0541FP" failures="0" tests="1" name="herokuApp.CheckAndUpload" time="25.257" errors="0" timestamp="2022-01-30T21:36:06 EET" skipped="0">
  <testcase classname="herokuApp.CheckAndUpload" name="uploadFile8" time="25.257"/>
  <system-out/>
</testsuite> <!-- herokuApp.CheckAndUpload -->
