<?xml version="1.0" encoding="UTF-8"?>
<!-- Generated by org.testng.reporters.JUnitReportReporter -->
<testsuite hostname="DESKTOP-L0541FP" failures="0" tests="1" name="Inqueryui.dragAndDrop" time="3.805" errors="0" timestamp="2022-02-02T15:44:14 EET" skipped="0">
  <testcase classname="Inqueryui.dragAndDrop" name="dragAndDrop9" time="3.805"/>
  <system-out/>
</testsuite> <!-- Inqueryui.dragAndDrop -->
